<?xml version="1.0" encoding="UTF-8"?>
<coverage generated="1753617387798" clover="3.2.0">
  <project timestamp="1753617387798" name="All files">
    <metrics statements="107" coveredstatements="107" conditionals="17" coveredconditionals="16" methods="3" coveredmethods="3" elements="127" coveredelements="126" complexity="0" loc="107" ncloc="107" packages="1" files="2" classes="2"/>
    <file name="App.tsx" path="D:\git\myfinance\myfinance\frontend\src\App.tsx">
      <metrics statements="98" coveredstatements="98" conditionals="17" coveredconditionals="16" methods="3" coveredmethods="3"/>
      <line num="1" count="1" type="stmt"/>
      <line num="2" count="1" type="stmt"/>
      <line num="18" count="1" type="stmt"/>
      <line num="19" count="1" type="stmt"/>
      <line num="21" count="1" type="stmt"/>
      <line num="22" count="1" type="stmt"/>
      <line num="23" count="1" type="stmt"/>
      <line num="24" count="1" type="stmt"/>
      <line num="25" count="1" type="stmt"/>
      <line num="26" count="1" type="stmt"/>
      <line num="27" count="1" type="stmt"/>
      <line num="35" count="43" type="cond" truecount="1" falsecount="0"/>
      <line num="36" count="43" type="stmt"/>
      <line num="37" count="43" type="stmt"/>
      <line num="38" count="43" type="stmt"/>
      <line num="40" count="43" type="cond" truecount="1" falsecount="0"/>
      <line num="41" count="9" type="cond" truecount="1" falsecount="0"/>
      <line num="42" count="8" type="cond" truecount="2" falsecount="0"/>
      <line num="43" count="8" type="stmt"/>
      <line num="44" count="9" type="cond" truecount="1" falsecount="0"/>
      <line num="45" count="43" type="stmt"/>
      <line num="47" count="43" type="cond" truecount="1" falsecount="0"/>
      <line num="48" count="20" type="stmt"/>
      <line num="49" count="20" type="stmt"/>
      <line num="51" count="43" type="cond" truecount="1" falsecount="0"/>
      <line num="52" count="11" type="stmt"/>
      <line num="53" count="11" type="cond" truecount="3" falsecount="0"/>
      <line num="54" count="8" type="stmt"/>
      <line num="55" count="8" type="stmt"/>
      <line num="56" count="8" type="stmt"/>
      <line num="57" count="11" type="stmt"/>
      <line num="59" count="43" type="stmt"/>
      <line num="60" count="43" type="stmt"/>
      <line num="61" count="43" type="stmt"/>
      <line num="62" count="43" type="stmt"/>
      <line num="63" count="43" type="stmt"/>
      <line num="65" count="43" type="stmt"/>
      <line num="66" count="43" type="stmt"/>
      <line num="67" count="43" type="stmt"/>
      <line num="68" count="43" type="stmt"/>
      <line num="69" count="43" type="stmt"/>
      <line num="70" count="43" type="stmt"/>
      <line num="72" count="43" type="stmt"/>
      <line num="73" count="43" type="cond" truecount="0" falsecount="1"/>
      <line num="74" count="43" type="stmt"/>
      <line num="75" count="43" type="stmt"/>
      <line num="76" count="43" type="stmt"/>
      <line num="77" count="43" type="stmt"/>
      <line num="78" count="43" type="stmt"/>
      <line num="79" count="43" type="stmt"/>
      <line num="80" count="43" type="stmt"/>
      <line num="82" count="43" type="stmt"/>
      <line num="83" count="43" type="stmt"/>
      <line num="84" count="43" type="stmt"/>
      <line num="85" count="43" type="stmt"/>
      <line num="86" count="43" type="stmt"/>
      <line num="87" count="43" type="stmt"/>
      <line num="88" count="43" type="stmt"/>
      <line num="89" count="43" type="stmt"/>
      <line num="90" count="43" type="stmt"/>
      <line num="91" count="43" type="stmt"/>
      <line num="92" count="43" type="stmt"/>
      <line num="93" count="43" type="stmt"/>
      <line num="94" count="43" type="stmt"/>
      <line num="95" count="43" type="stmt"/>
      <line num="96" count="43" type="stmt"/>
      <line num="97" count="43" type="stmt"/>
      <line num="98" count="43" type="stmt"/>
      <line num="99" count="43" type="stmt"/>
      <line num="100" count="43" type="stmt"/>
      <line num="101" count="43" type="stmt"/>
      <line num="103" count="43" type="stmt"/>
      <line num="104" count="43" type="stmt"/>
      <line num="105" count="43" type="stmt"/>
      <line num="106" count="43" type="stmt"/>
      <line num="107" count="43" type="stmt"/>
      <line num="109" count="43" type="stmt"/>
      <line num="110" count="43" type="stmt"/>
      <line num="111" count="43" type="cond" truecount="1" falsecount="0"/>
      <line num="112" count="64" type="stmt"/>
      <line num="113" count="64" type="stmt"/>
      <line num="114" count="64" type="stmt"/>
      <line num="115" count="64" type="cond" truecount="2" falsecount="0"/>
      <line num="116" count="64" type="stmt"/>
      <line num="117" count="64" type="stmt"/>
      <line num="118" count="64" type="stmt"/>
      <line num="119" count="64" type="cond" truecount="1" falsecount="0"/>
      <line num="120" count="64" type="stmt"/>
      <line num="121" count="43" type="stmt"/>
      <line num="122" count="43" type="cond" truecount="1" falsecount="0"/>
      <line num="123" count="20" type="stmt"/>
      <line num="125" count="20" type="stmt"/>
      <line num="127" count="43" type="stmt"/>
      <line num="128" count="43" type="stmt"/>
      <line num="129" count="43" type="stmt"/>
      <line num="130" count="43" type="stmt"/>
      <line num="132" count="43" type="stmt"/>
      <line num="134" count="1" type="stmt"/>
    </file>
    <file name="main.tsx" path="D:\git\myfinance\myfinance\frontend\src\main.tsx">
      <metrics statements="9" coveredstatements="9" conditionals="0" coveredconditionals="0" methods="0" coveredmethods="0"/>
      <line num="1" count="1" type="stmt"/>
      <line num="2" count="1" type="stmt"/>
      <line num="3" count="1" type="stmt"/>
      <line num="4" count="1" type="stmt"/>
      <line num="6" count="1" type="stmt"/>
      <line num="7" count="1" type="stmt"/>
      <line num="8" count="1" type="stmt"/>
      <line num="9" count="1" type="stmt"/>
      <line num="10" count="1" type="stmt"/>
    </file>
  </project>
</coverage>
