{"D:\\git\\myfinance\\myfinance\\frontend\\src\\App.tsx": {"path":"D:\\git\\myfinance\\myfinance\\frontend\\src\\App.tsx","all":false,"statementMap":{"0":{"start":{"line":1,"column":0},"end":{"line":1,"column":51}},"1":{"start":{"line":2,"column":0},"end":{"line":2,"column":8}},"17":{"start":{"line":18,"column":0},"end":{"line":18,"column":66}},"18":{"start":{"line":19,"column":0},"end":{"line":19,"column":26}},"20":{"start":{"line":21,"column":0},"end":{"line":21,"column":27}},"21":{"start":{"line":22,"column":0},"end":{"line":22,"column":12}},"22":{"start":{"line":23,"column":0},"end":{"line":23,"column":18}},"23":{"start":{"line":24,"column":0},"end":{"line":24,"column":33}},"24":{"start":{"line":25,"column":0},"end":{"line":25,"column":39}},"25":{"start":{"line":26,"column":0},"end":{"line":26,"column":4}},"26":{"start":{"line":27,"column":0},"end":{"line":27,"column":3}},"34":{"start":{"line":35,"column":0},"end":{"line":35,"column":16}},"35":{"start":{"line":36,"column":0},"end":{"line":36,"column":70}},"36":{"start":{"line":37,"column":0},"end":{"line":37,"column":96}},"37":{"start":{"line":38,"column":0},"end":{"line":38,"column":63}},"39":{"start":{"line":40,"column":0},"end":{"line":40,"column":19}},"40":{"start":{"line":41,"column":0},"end":{"line":41,"column":45}},"41":{"start":{"line":42,"column":0},"end":{"line":42,"column":59}},"42":{"start":{"line":43,"column":0},"end":{"line":43,"column":45}},"43":{"start":{"line":44,"column":0},"end":{"line":44,"column":40}},"44":{"start":{"line":45,"column":0},"end":{"line":45,"column":9}},"46":{"start":{"line":47,"column":0},"end":{"line":47,"column":68}},"47":{"start":{"line":48,"column":0},"end":{"line":48,"column":58}},"48":{"start":{"line":49,"column":0},"end":{"line":49,"column":4}},"50":{"start":{"line":51,"column":0},"end":{"line":51,"column":54}},"51":{"start":{"line":52,"column":0},"end":{"line":52,"column":23}},"52":{"start":{"line":53,"column":0},"end":{"line":53,"column":50}},"53":{"start":{"line":54,"column":0},"end":{"line":54,"column":93}},"54":{"start":{"line":55,"column":0},"end":{"line":55,"column":49}},"55":{"start":{"line":56,"column":0},"end":{"line":56,"column":53}},"56":{"start":{"line":57,"column":0},"end":{"line":57,"column":4}},"58":{"start":{"line":59,"column":0},"end":{"line":59,"column":10}},"59":{"start":{"line":60,"column":0},"end":{"line":60,"column":33}},"60":{"start":{"line":61,"column":0},"end":{"line":61,"column":32}},"61":{"start":{"line":62,"column":0},"end":{"line":62,"column":17}},"62":{"start":{"line":63,"column":0},"end":{"line":63,"column":72}},"64":{"start":{"line":65,"column":0},"end":{"line":65,"column":23}},"65":{"start":{"line":66,"column":0},"end":{"line":66,"column":18}},"66":{"start":{"line":67,"column":0},"end":{"line":67,"column":15}},"67":{"start":{"line":68,"column":0},"end":{"line":68,"column":53}},"68":{"start":{"line":69,"column":0},"end":{"line":69,"column":43}},"69":{"start":{"line":70,"column":0},"end":{"line":70,"column":48}},"71":{"start":{"line":72,"column":0},"end":{"line":72,"column":23}},"72":{"start":{"line":73,"column":0},"end":{"line":73,"column":123}},"73":{"start":{"line":74,"column":0},"end":{"line":74,"column":22}},"74":{"start":{"line":75,"column":0},"end":{"line":75,"column":20}},"75":{"start":{"line":76,"column":0},"end":{"line":76,"column":26}},"76":{"start":{"line":77,"column":0},"end":{"line":77,"column":25}},"77":{"start":{"line":78,"column":0},"end":{"line":78,"column":31}},"78":{"start":{"line":79,"column":0},"end":{"line":79,"column":37}},"79":{"start":{"line":80,"column":0},"end":{"line":80,"column":36}},"81":{"start":{"line":82,"column":0},"end":{"line":82,"column":57}},"82":{"start":{"line":83,"column":0},"end":{"line":83,"column":58}},"83":{"start":{"line":84,"column":0},"end":{"line":84,"column":24}},"84":{"start":{"line":85,"column":0},"end":{"line":85,"column":22}},"85":{"start":{"line":86,"column":0},"end":{"line":86,"column":27}},"86":{"start":{"line":87,"column":0},"end":{"line":87,"column":27}},"87":{"start":{"line":88,"column":0},"end":{"line":88,"column":27}},"88":{"start":{"line":89,"column":0},"end":{"line":89,"column":33}},"89":{"start":{"line":90,"column":0},"end":{"line":90,"column":37}},"90":{"start":{"line":91,"column":0},"end":{"line":91,"column":49}},"91":{"start":{"line":92,"column":0},"end":{"line":92,"column":36}},"92":{"start":{"line":93,"column":0},"end":{"line":93,"column":14}},"93":{"start":{"line":94,"column":0},"end":{"line":94,"column":22}},"94":{"start":{"line":95,"column":0},"end":{"line":95,"column":31}},"95":{"start":{"line":96,"column":0},"end":{"line":96,"column":32}},"96":{"start":{"line":97,"column":0},"end":{"line":97,"column":38}},"97":{"start":{"line":98,"column":0},"end":{"line":98,"column":37}},"98":{"start":{"line":99,"column":0},"end":{"line":99,"column":30}},"99":{"start":{"line":100,"column":0},"end":{"line":100,"column":14}},"100":{"start":{"line":101,"column":0},"end":{"line":101,"column":70}},"102":{"start":{"line":103,"column":0},"end":{"line":103,"column":21}},"103":{"start":{"line":104,"column":0},"end":{"line":104,"column":16}},"104":{"start":{"line":105,"column":0},"end":{"line":105,"column":16}},"105":{"start":{"line":106,"column":0},"end":{"line":106,"column":50}},"106":{"start":{"line":107,"column":0},"end":{"line":107,"column":48}},"108":{"start":{"line":109,"column":0},"end":{"line":109,"column":23}},"109":{"start":{"line":110,"column":0},"end":{"line":110,"column":16}},"110":{"start":{"line":111,"column":0},"end":{"line":111,"column":41}},"111":{"start":{"line":112,"column":0},"end":{"line":112,"column":38}},"112":{"start":{"line":113,"column":0},"end":{"line":113,"column":26}},"113":{"start":{"line":114,"column":0},"end":{"line":114,"column":31}},"114":{"start":{"line":115,"column":0},"end":{"line":115,"column":105}},"115":{"start":{"line":116,"column":0},"end":{"line":116,"column":45}},"116":{"start":{"line":117,"column":0},"end":{"line":117,"column":20}},"117":{"start":{"line":118,"column":0},"end":{"line":118,"column":27}},"118":{"start":{"line":119,"column":0},"end":{"line":119,"column":60}},"119":{"start":{"line":120,"column":0},"end":{"line":120,"column":31}},"120":{"start":{"line":121,"column":0},"end":{"line":121,"column":15}},"121":{"start":{"line":122,"column":0},"end":{"line":122,"column":43}},"122":{"start":{"line":123,"column":0},"end":{"line":123,"column":79}},"124":{"start":{"line":125,"column":0},"end":{"line":125,"column":27}},"126":{"start":{"line":127,"column":0},"end":{"line":127,"column":17}},"127":{"start":{"line":128,"column":0},"end":{"line":128,"column":16}},"128":{"start":{"line":129,"column":0},"end":{"line":129,"column":18}},"129":{"start":{"line":130,"column":0},"end":{"line":130,"column":20}},"131":{"start":{"line":132,"column":0},"end":{"line":132,"column":1}},"133":{"start":{"line":134,"column":0},"end":{"line":134,"column":19}}},"s":{"0":1,"1":1,"17":1,"18":1,"20":1,"21":1,"22":1,"23":1,"24":1,"25":1,"26":1,"34":43,"35":43,"36":43,"37":43,"39":43,"40":9,"41":8,"42":8,"43":9,"44":43,"46":43,"47":20,"48":20,"50":43,"51":11,"52":11,"53":8,"54":8,"55":8,"56":11,"58":43,"59":43,"60":43,"61":43,"62":43,"64":43,"65":43,"66":43,"67":43,"68":43,"69":43,"71":43,"72":43,"73":43,"74":43,"75":43,"76":43,"77":43,"78":43,"79":43,"81":43,"82":43,"83":43,"84":43,"85":43,"86":43,"87":43,"88":43,"89":43,"90":43,"91":43,"92":43,"93":43,"94":43,"95":43,"96":43,"97":43,"98":43,"99":43,"100":43,"102":43,"103":43,"104":43,"105":43,"106":43,"108":43,"109":43,"110":43,"111":64,"112":64,"113":64,"114":64,"115":64,"116":64,"117":64,"118":64,"119":64,"120":43,"121":43,"122":20,"124":20,"126":43,"127":43,"128":43,"129":43,"131":43,"133":1},"branchMap":{"0":{"type":"branch","line":35,"loc":{"start":{"line":35,"column":0},"end":{"line":132,"column":1}},"locations":[{"start":{"line":35,"column":0},"end":{"line":132,"column":1}}]},"1":{"type":"branch","line":73,"loc":{"start":{"line":73,"column":86},"end":{"line":73,"column":108}},"locations":[{"start":{"line":73,"column":86},"end":{"line":73,"column":108}}]},"2":{"type":"branch","line":122,"loc":{"start":{"line":122,"column":37},"end":{"line":125,"column":27}},"locations":[{"start":{"line":122,"column":37},"end":{"line":125,"column":27}}]},"3":{"type":"branch","line":40,"loc":{"start":{"line":40,"column":12},"end":{"line":45,"column":5}},"locations":[{"start":{"line":40,"column":12},"end":{"line":45,"column":5}}]},"4":{"type":"branch","line":41,"loc":{"start":{"line":41,"column":37},"end":{"line":44,"column":5}},"locations":[{"start":{"line":41,"column":37},"end":{"line":44,"column":5}}]},"5":{"type":"branch","line":42,"loc":{"start":{"line":42,"column":41},"end":{"line":42,"column":56}},"locations":[{"start":{"line":42,"column":41},"end":{"line":42,"column":56}}]},"6":{"type":"branch","line":42,"loc":{"start":{"line":42,"column":49},"end":{"line":42,"column":59}},"locations":[{"start":{"line":42,"column":49},"end":{"line":42,"column":59}}]},"7":{"type":"branch","line":44,"loc":{"start":{"line":44,"column":13},"end":{"line":44,"column":38}},"locations":[{"start":{"line":44,"column":13},"end":{"line":44,"column":38}}]},"8":{"type":"branch","line":47,"loc":{"start":{"line":47,"column":23},"end":{"line":49,"column":4}},"locations":[{"start":{"line":47,"column":23},"end":{"line":49,"column":4}}]},"9":{"type":"branch","line":51,"loc":{"start":{"line":51,"column":23},"end":{"line":57,"column":4}},"locations":[{"start":{"line":51,"column":23},"end":{"line":57,"column":4}}]},"10":{"type":"branch","line":53,"loc":{"start":{"line":53,"column":14},"end":{"line":53,"column":43}},"locations":[{"start":{"line":53,"column":14},"end":{"line":53,"column":43}}]},"11":{"type":"branch","line":53,"loc":{"start":{"line":53,"column":43},"end":{"line":53,"column":50}},"locations":[{"start":{"line":53,"column":43},"end":{"line":53,"column":50}}]},"12":{"type":"branch","line":53,"loc":{"start":{"line":53,"column":43},"end":{"line":56,"column":53}},"locations":[{"start":{"line":53,"column":43},"end":{"line":56,"column":53}}]},"13":{"type":"branch","line":111,"loc":{"start":{"line":111,"column":30},"end":{"line":120,"column":31}},"locations":[{"start":{"line":111,"column":30},"end":{"line":120,"column":31}}]},"14":{"type":"branch","line":115,"loc":{"start":{"line":115,"column":43},"end":{"line":115,"column":66}},"locations":[{"start":{"line":115,"column":43},"end":{"line":115,"column":66}}]},"15":{"type":"branch","line":115,"loc":{"start":{"line":115,"column":54},"end":{"line":115,"column":75}},"locations":[{"start":{"line":115,"column":54},"end":{"line":115,"column":75}}]},"16":{"type":"branch","line":119,"loc":{"start":{"line":119,"column":43},"end":{"line":119,"column":60}},"locations":[{"start":{"line":119,"column":43},"end":{"line":119,"column":60}}]}},"b":{"0":[43],"1":[0],"2":[20],"3":[9],"4":[8],"5":[7],"6":[1],"7":[1],"8":[20],"9":[11],"10":[9],"11":[3],"12":[8],"13":[64],"14":[23],"15":[41],"16":[41]},"fnMap":{"0":{"name":"App","decl":{"start":{"line":35,"column":0},"end":{"line":132,"column":1}},"loc":{"start":{"line":35,"column":0},"end":{"line":132,"column":1}},"line":35},"1":{"name":"handleChange","decl":{"start":{"line":47,"column":23},"end":{"line":49,"column":4}},"loc":{"start":{"line":47,"column":23},"end":{"line":49,"column":4}},"line":47},"2":{"name":"handleSubmit","decl":{"start":{"line":51,"column":23},"end":{"line":57,"column":4}},"loc":{"start":{"line":51,"column":23},"end":{"line":57,"column":4}},"line":51}},"f":{"0":43,"1":20,"2":11}}
,"D:\\git\\myfinance\\myfinance\\frontend\\src\\main.tsx": {"path":"D:\\git\\myfinance\\myfinance\\frontend\\src\\main.tsx","all":false,"statementMap":{"0":{"start":{"line":1,"column":0},"end":{"line":1,"column":34}},"1":{"start":{"line":2,"column":0},"end":{"line":2,"column":45}},"2":{"start":{"line":3,"column":0},"end":{"line":3,"column":20}},"3":{"start":{"line":4,"column":0},"end":{"line":4,"column":27}},"5":{"start":{"line":6,"column":0},"end":{"line":6,"column":52}},"6":{"start":{"line":7,"column":0},"end":{"line":7,"column":14}},"7":{"start":{"line":8,"column":0},"end":{"line":8,"column":11}},"8":{"start":{"line":9,"column":0},"end":{"line":9,"column":16}},"9":{"start":{"line":10,"column":0},"end":{"line":10,"column":1}}},"s":{"0":1,"1":1,"2":1,"3":1,"5":1,"6":1,"7":1,"8":1,"9":1},"branchMap":{},"b":{},"fnMap":{},"f":{}}
}
